E:\CODE\SOMFORCLUSTER\DEBUG\SOMFORCLUSTER.EXE
E:\CODE\SOMFORCLUSTER\DEBUG\SOMFORCLUSTER.ILK
E:\CODE\SOMFORCLUSTER\DEBUG\SOMFORCLUSTER.PDB
E:\Code\somforcluster\somforcluster\Debug\cl.command.1.tlog
E:\Code\somforcluster\somforcluster\Debug\CL.read.1.tlog
E:\Code\somforcluster\somforcluster\Debug\CL.write.1.tlog
E:\Code\somforcluster\somforcluster\Debug\link.1161600.read.1.tlog
E:\Code\somforcluster\somforcluster\Debug\link.1161600.write.1.tlog
E:\Code\somforcluster\somforcluster\Debug\link.1161600-cvtres.read.1.tlog
E:\Code\somforcluster\somforcluster\Debug\link.1161600-cvtres.write.1.tlog
E:\Code\somforcluster\somforcluster\Debug\link.1174024.read.1.tlog
E:\Code\somforcluster\somforcluster\Debug\link.1174024.write.1.tlog
E:\Code\somforcluster\somforcluster\Debug\link.1174024-cvtres.read.1.tlog
E:\Code\somforcluster\somforcluster\Debug\link.1174024-cvtres.write.1.tlog
E:\Code\somforcluster\somforcluster\Debug\link.135824.read.1.tlog
E:\Code\somforcluster\somforcluster\Debug\link.135824.write.1.tlog
E:\Code\somforcluster\somforcluster\Debug\link.135824-cvtres.read.1.tlog
E:\Code\somforcluster\somforcluster\Debug\link.135824-cvtres.write.1.tlog
E:\Code\somforcluster\somforcluster\Debug\link.167452.read.1.tlog
E:\Code\somforcluster\somforcluster\Debug\link.167452.write.1.tlog
E:\Code\somforcluster\somforcluster\Debug\link.167452-cvtres.read.1.tlog
E:\Code\somforcluster\somforcluster\Debug\link.167452-cvtres.write.1.tlog
E:\Code\somforcluster\somforcluster\Debug\link.173184.read.1.tlog
E:\Code\somforcluster\somforcluster\Debug\link.173184.write.1.tlog
E:\Code\somforcluster\somforcluster\Debug\link.173184-cvtres.read.1.tlog
E:\Code\somforcluster\somforcluster\Debug\link.173184-cvtres.write.1.tlog
E:\Code\somforcluster\somforcluster\Debug\link.192956.read.1.tlog
E:\Code\somforcluster\somforcluster\Debug\link.192956.write.1.tlog
E:\Code\somforcluster\somforcluster\Debug\link.192956-cvtres.read.1.tlog
E:\Code\somforcluster\somforcluster\Debug\link.192956-cvtres.write.1.tlog
E:\Code\somforcluster\somforcluster\Debug\link.221296.read.1.tlog
E:\Code\somforcluster\somforcluster\Debug\link.221296.write.1.tlog
E:\Code\somforcluster\somforcluster\Debug\link.221296-cvtres.read.1.tlog
E:\Code\somforcluster\somforcluster\Debug\link.221296-cvtres.write.1.tlog
E:\Code\somforcluster\somforcluster\Debug\link.229576.read.1.tlog
E:\Code\somforcluster\somforcluster\Debug\link.229576.write.1.tlog
E:\Code\somforcluster\somforcluster\Debug\link.229576-cvtres.read.1.tlog
E:\Code\somforcluster\somforcluster\Debug\link.229576-cvtres.write.1.tlog
E:\Code\somforcluster\somforcluster\Debug\link.232868.read.1.tlog
E:\Code\somforcluster\somforcluster\Debug\link.232868.write.1.tlog
E:\Code\somforcluster\somforcluster\Debug\link.232868-cvtres.read.1.tlog
E:\Code\somforcluster\somforcluster\Debug\link.232868-cvtres.write.1.tlog
E:\Code\somforcluster\somforcluster\Debug\link.238652.read.1.tlog
E:\Code\somforcluster\somforcluster\Debug\link.238652.write.1.tlog
E:\Code\somforcluster\somforcluster\Debug\link.238652-cvtres.read.1.tlog
E:\Code\somforcluster\somforcluster\Debug\link.238652-cvtres.write.1.tlog
E:\Code\somforcluster\somforcluster\Debug\link.2464.read.1.tlog
E:\Code\somforcluster\somforcluster\Debug\link.2464.write.1.tlog
E:\Code\somforcluster\somforcluster\Debug\link.2464-cvtres.read.1.tlog
E:\Code\somforcluster\somforcluster\Debug\link.2464-cvtres.write.1.tlog
E:\Code\somforcluster\somforcluster\Debug\link.250636.read.1.tlog
E:\Code\somforcluster\somforcluster\Debug\link.250636.write.1.tlog
E:\Code\somforcluster\somforcluster\Debug\link.250636-cvtres.read.1.tlog
E:\Code\somforcluster\somforcluster\Debug\link.250636-cvtres.write.1.tlog
E:\Code\somforcluster\somforcluster\Debug\link.252336.read.1.tlog
E:\Code\somforcluster\somforcluster\Debug\link.252336.write.1.tlog
E:\Code\somforcluster\somforcluster\Debug\link.252336-cvtres.read.1.tlog
E:\Code\somforcluster\somforcluster\Debug\link.252336-cvtres.write.1.tlog
E:\Code\somforcluster\somforcluster\Debug\link.264636.read.1.tlog
E:\Code\somforcluster\somforcluster\Debug\link.264636.write.1.tlog
E:\Code\somforcluster\somforcluster\Debug\link.264636-cvtres.read.1.tlog
E:\Code\somforcluster\somforcluster\Debug\link.264636-cvtres.write.1.tlog
E:\Code\somforcluster\somforcluster\Debug\link.265972.read.1.tlog
E:\Code\somforcluster\somforcluster\Debug\link.265972.write.1.tlog
E:\Code\somforcluster\somforcluster\Debug\link.265972-cvtres.read.1.tlog
E:\Code\somforcluster\somforcluster\Debug\link.265972-cvtres.write.1.tlog
E:\Code\somforcluster\somforcluster\Debug\link.276216.read.1.tlog
E:\Code\somforcluster\somforcluster\Debug\link.276216.write.1.tlog
E:\Code\somforcluster\somforcluster\Debug\link.276216-cvtres.read.1.tlog
E:\Code\somforcluster\somforcluster\Debug\link.276216-cvtres.write.1.tlog
E:\Code\somforcluster\somforcluster\Debug\link.277824.read.1.tlog
E:\Code\somforcluster\somforcluster\Debug\link.277824.write.1.tlog
E:\Code\somforcluster\somforcluster\Debug\link.277824-cvtres.read.1.tlog
E:\Code\somforcluster\somforcluster\Debug\link.277824-cvtres.write.1.tlog
E:\Code\somforcluster\somforcluster\Debug\link.3164.read.1.tlog
E:\Code\somforcluster\somforcluster\Debug\link.3164.write.1.tlog
E:\Code\somforcluster\somforcluster\Debug\link.3164-cvtres.read.1.tlog
E:\Code\somforcluster\somforcluster\Debug\link.3164-cvtres.write.1.tlog
E:\Code\somforcluster\somforcluster\Debug\link.365760.read.1.tlog
E:\Code\somforcluster\somforcluster\Debug\link.365760.write.1.tlog
E:\Code\somforcluster\somforcluster\Debug\link.365760-cvtres.read.1.tlog
E:\Code\somforcluster\somforcluster\Debug\link.365760-cvtres.write.1.tlog
E:\Code\somforcluster\somforcluster\Debug\link.366100.read.1.tlog
E:\Code\somforcluster\somforcluster\Debug\link.366100.write.1.tlog
E:\Code\somforcluster\somforcluster\Debug\link.366100-cvtres.read.1.tlog
E:\Code\somforcluster\somforcluster\Debug\link.366100-cvtres.write.1.tlog
E:\Code\somforcluster\somforcluster\Debug\link.367808.read.1.tlog
E:\Code\somforcluster\somforcluster\Debug\link.367808.write.1.tlog
E:\Code\somforcluster\somforcluster\Debug\link.367808-cvtres.read.1.tlog
E:\Code\somforcluster\somforcluster\Debug\link.367808-cvtres.write.1.tlog
E:\Code\somforcluster\somforcluster\Debug\link.373104.read.1.tlog
E:\Code\somforcluster\somforcluster\Debug\link.373104.write.1.tlog
E:\Code\somforcluster\somforcluster\Debug\link.373104-cvtres.read.1.tlog
E:\Code\somforcluster\somforcluster\Debug\link.373104-cvtres.write.1.tlog
E:\Code\somforcluster\somforcluster\Debug\link.3928.read.1.tlog
E:\Code\somforcluster\somforcluster\Debug\link.3928.write.1.tlog
E:\Code\somforcluster\somforcluster\Debug\link.3928-cvtres.read.1.tlog
E:\Code\somforcluster\somforcluster\Debug\link.3928-cvtres.write.1.tlog
E:\Code\somforcluster\somforcluster\Debug\link.396104.read.1.tlog
E:\Code\somforcluster\somforcluster\Debug\link.396104.write.1.tlog
E:\Code\somforcluster\somforcluster\Debug\link.396104-cvtres.read.1.tlog
E:\Code\somforcluster\somforcluster\Debug\link.396104-cvtres.write.1.tlog
E:\Code\somforcluster\somforcluster\Debug\link.398112.read.1.tlog
E:\Code\somforcluster\somforcluster\Debug\link.398112.write.1.tlog
E:\Code\somforcluster\somforcluster\Debug\link.398112-cvtres.read.1.tlog
E:\Code\somforcluster\somforcluster\Debug\link.398112-cvtres.write.1.tlog
E:\Code\somforcluster\somforcluster\Debug\link.430344.read.1.tlog
E:\Code\somforcluster\somforcluster\Debug\link.430344.write.1.tlog
E:\Code\somforcluster\somforcluster\Debug\link.430344-cvtres.read.1.tlog
E:\Code\somforcluster\somforcluster\Debug\link.430344-cvtres.write.1.tlog
E:\Code\somforcluster\somforcluster\Debug\link.435964.read.1.tlog
E:\Code\somforcluster\somforcluster\Debug\link.435964.write.1.tlog
E:\Code\somforcluster\somforcluster\Debug\link.435964-cvtres.read.1.tlog
E:\Code\somforcluster\somforcluster\Debug\link.435964-cvtres.write.1.tlog
E:\Code\somforcluster\somforcluster\Debug\link.466268.read.1.tlog
E:\Code\somforcluster\somforcluster\Debug\link.466268.write.1.tlog
E:\Code\somforcluster\somforcluster\Debug\link.466268-cvtres.read.1.tlog
E:\Code\somforcluster\somforcluster\Debug\link.466268-cvtres.write.1.tlog
E:\Code\somforcluster\somforcluster\Debug\link.4884.read.1.tlog
E:\Code\somforcluster\somforcluster\Debug\link.4884.write.1.tlog
E:\Code\somforcluster\somforcluster\Debug\link.4884-cvtres.read.1.tlog
E:\Code\somforcluster\somforcluster\Debug\link.4884-cvtres.write.1.tlog
E:\Code\somforcluster\somforcluster\Debug\link.52156.read.1.tlog
E:\Code\somforcluster\somforcluster\Debug\link.52156.write.1.tlog
E:\Code\somforcluster\somforcluster\Debug\link.52156-cvtres.read.1.tlog
E:\Code\somforcluster\somforcluster\Debug\link.52156-cvtres.write.1.tlog
E:\Code\somforcluster\somforcluster\Debug\link.5228.read.1.tlog
E:\Code\somforcluster\somforcluster\Debug\link.5228.write.1.tlog
E:\Code\somforcluster\somforcluster\Debug\link.5228-cvtres.read.1.tlog
E:\Code\somforcluster\somforcluster\Debug\link.5228-cvtres.write.1.tlog
E:\Code\somforcluster\somforcluster\Debug\link.5360.read.1.tlog
E:\Code\somforcluster\somforcluster\Debug\link.5360.write.1.tlog
E:\Code\somforcluster\somforcluster\Debug\link.5360-cvtres.read.1.tlog
E:\Code\somforcluster\somforcluster\Debug\link.5360-cvtres.write.1.tlog
E:\Code\somforcluster\somforcluster\Debug\link.5512.read.1.tlog
E:\Code\somforcluster\somforcluster\Debug\link.5512.write.1.tlog
E:\Code\somforcluster\somforcluster\Debug\link.5512-cvtres.read.1.tlog
E:\Code\somforcluster\somforcluster\Debug\link.5512-cvtres.write.1.tlog
E:\Code\somforcluster\somforcluster\Debug\link.598220.read.1.tlog
E:\Code\somforcluster\somforcluster\Debug\link.598220.write.1.tlog
E:\Code\somforcluster\somforcluster\Debug\link.598220-cvtres.read.1.tlog
E:\Code\somforcluster\somforcluster\Debug\link.598220-cvtres.write.1.tlog
E:\Code\somforcluster\somforcluster\Debug\link.613268.read.1.tlog
E:\Code\somforcluster\somforcluster\Debug\link.613268.write.1.tlog
E:\Code\somforcluster\somforcluster\Debug\link.613268-cvtres.read.1.tlog
E:\Code\somforcluster\somforcluster\Debug\link.613268-cvtres.write.1.tlog
E:\Code\somforcluster\somforcluster\Debug\link.627600.read.1.tlog
E:\Code\somforcluster\somforcluster\Debug\link.627600.write.1.tlog
E:\Code\somforcluster\somforcluster\Debug\link.627600-cvtres.read.1.tlog
E:\Code\somforcluster\somforcluster\Debug\link.627600-cvtres.write.1.tlog
E:\Code\somforcluster\somforcluster\Debug\link.632620.read.1.tlog
E:\Code\somforcluster\somforcluster\Debug\link.632620.write.1.tlog
E:\Code\somforcluster\somforcluster\Debug\link.632620-cvtres.read.1.tlog
E:\Code\somforcluster\somforcluster\Debug\link.632620-cvtres.write.1.tlog
E:\Code\somforcluster\somforcluster\Debug\link.6540.read.1.tlog
E:\Code\somforcluster\somforcluster\Debug\link.6540.write.1.tlog
E:\Code\somforcluster\somforcluster\Debug\link.6540-cvtres.read.1.tlog
E:\Code\somforcluster\somforcluster\Debug\link.6540-cvtres.write.1.tlog
E:\Code\somforcluster\somforcluster\Debug\link.6776.read.1.tlog
E:\Code\somforcluster\somforcluster\Debug\link.6776.write.1.tlog
E:\Code\somforcluster\somforcluster\Debug\link.6776-cvtres.read.1.tlog
E:\Code\somforcluster\somforcluster\Debug\link.6776-cvtres.write.1.tlog
E:\Code\somforcluster\somforcluster\Debug\link.743208.read.1.tlog
E:\Code\somforcluster\somforcluster\Debug\link.743208.write.1.tlog
E:\Code\somforcluster\somforcluster\Debug\link.743208-cvtres.read.1.tlog
E:\Code\somforcluster\somforcluster\Debug\link.743208-cvtres.write.1.tlog
E:\Code\somforcluster\somforcluster\Debug\link.75856.read.1.tlog
E:\Code\somforcluster\somforcluster\Debug\link.75856.write.1.tlog
E:\Code\somforcluster\somforcluster\Debug\link.75856-cvtres.read.1.tlog
E:\Code\somforcluster\somforcluster\Debug\link.75856-cvtres.write.1.tlog
E:\Code\somforcluster\somforcluster\Debug\link.83424.read.1.tlog
E:\Code\somforcluster\somforcluster\Debug\link.83424.write.1.tlog
E:\Code\somforcluster\somforcluster\Debug\link.83424-cvtres.read.1.tlog
E:\Code\somforcluster\somforcluster\Debug\link.83424-cvtres.write.1.tlog
E:\Code\somforcluster\somforcluster\Debug\link.8348.read.1.tlog
E:\Code\somforcluster\somforcluster\Debug\link.8348.write.1.tlog
E:\Code\somforcluster\somforcluster\Debug\link.8348-cvtres.read.1.tlog
E:\Code\somforcluster\somforcluster\Debug\link.8348-cvtres.write.1.tlog
E:\Code\somforcluster\somforcluster\Debug\link.85972.read.1.tlog
E:\Code\somforcluster\somforcluster\Debug\link.85972.write.1.tlog
E:\Code\somforcluster\somforcluster\Debug\link.85972-cvtres.read.1.tlog
E:\Code\somforcluster\somforcluster\Debug\link.85972-cvtres.write.1.tlog
E:\Code\somforcluster\somforcluster\Debug\link.92860.read.1.tlog
E:\Code\somforcluster\somforcluster\Debug\link.92860.write.1.tlog
E:\Code\somforcluster\somforcluster\Debug\link.92860-cvtres.read.1.tlog
E:\Code\somforcluster\somforcluster\Debug\link.92860-cvtres.write.1.tlog
E:\Code\somforcluster\somforcluster\Debug\link.command.1.tlog
E:\Code\somforcluster\somforcluster\Debug\link.read.1.tlog
E:\Code\somforcluster\somforcluster\Debug\link.write.1.tlog
E:\Code\somforcluster\somforcluster\Debug\link-cvtres.read.1.tlog
E:\Code\somforcluster\somforcluster\Debug\link-cvtres.write.1.tlog
E:\Code\somforcluster\somforcluster\Debug\mt.command.1.tlog
E:\Code\somforcluster\somforcluster\Debug\mt.read.1.tlog
E:\Code\somforcluster\somforcluster\Debug\mt.write.1.tlog
E:\CODE\SOMFORCLUSTER\SOMFORCLUSTER\DEBUG\NEURALMAIN.OBJ
E:\CODE\SOMFORCLUSTER\SOMFORCLUSTER\DEBUG\NEURON.OBJ
E:\Code\somforcluster\somforcluster\Debug\rc.command.1.tlog
E:\Code\somforcluster\somforcluster\Debug\rc.read.1.tlog
E:\Code\somforcluster\somforcluster\Debug\rc.write.1.tlog
E:\CODE\SOMFORCLUSTER\SOMFORCLUSTER\DEBUG\SOM.OBJ
E:\Code\somforcluster\somforcluster\Debug\somforcluster.exe.embed.manifest
E:\CODE\SOMFORCLUSTER\SOMFORCLUSTER\DEBUG\SOMFORCLUSTER.EXE.EMBED.MANIFEST.RES
E:\CODE\SOMFORCLUSTER\SOMFORCLUSTER\DEBUG\SOMFORCLUSTER.EXE.INTERMEDIATE.MANIFEST
E:\Code\somforcluster\somforcluster\Debug\somforcluster_manifest.rc
E:\CODE\SOMFORCLUSTER\SOMFORCLUSTER\DEBUG\SOMSI.OBJ
E:\Code\somforcluster\somforcluster\Debug\vc100.idb
E:\CODE\SOMFORCLUSTER\SOMFORCLUSTER\DEBUG\VC100.PDB
E:\CUDACODE\SOMFORCLUSTER\DEBUG\SOMFORCLUSTER.EXE
E:\CUDACODE\SOMFORCLUSTER\DEBUG\SOMFORCLUSTER.ILK
E:\CUDACODE\SOMFORCLUSTER\DEBUG\SOMFORCLUSTER.PDB
E:\CUDACODE\SOMFORCLUSTER\SOMFORCLUSTER\DEBUG\NEURALMAIN.OBJ
E:\CUDACODE\SOMFORCLUSTER\SOMFORCLUSTER\DEBUG\NEURON.OBJ
E:\CUDACODE\SOMFORCLUSTER\SOMFORCLUSTER\DEBUG\SOM.OBJ
E:\CUDACODE\SOMFORCLUSTER\SOMFORCLUSTER\DEBUG\SOMFORCLUSTER.EXE.EMBED.MANIFEST
E:\CUDACODE\SOMFORCLUSTER\SOMFORCLUSTER\DEBUG\SOMFORCLUSTER.EXE.EMBED.MANIFEST.RES
E:\CUDACODE\SOMFORCLUSTER\SOMFORCLUSTER\DEBUG\SOMFORCLUSTER.EXE.INTERMEDIATE.MANIFEST
E:\CUDACODE\SOMFORCLUSTER\SOMFORCLUSTER\DEBUG\SOMSI.OBJ
E:\CUDACODE\SOMFORCLUSTER\SOMFORCLUSTER\DEBUG\VC100.PDB
